// 重构日志: a5d6205f
// 重构日志: dec22e29
// 重构日志: 4b13e889
// 重构日志: f3f58bf0
// 重构日志: 9500c3c4
// 重构日志: 3fdfbcd5
// 同步 ID: 0ed240d4 @ Wed Jul  1 11:35:26 UTC 2026
// 重构日志: 07dffee8
// 同步 ID: f6ccdf52 @ Fri Jul  3 09:11:33 UTC 2026
// 同步 ID: 92c52fea @ Sat Jul  4 08:20:02 UTC 2026
// 重构日志: c58e28a1
// 重构日志: ca447ccb
// 重构日志: 9f7f717d
// 重构日志: b8deb46a
// 重构日志: ffbd46e7
// 同步 ID: 6774a318 @ Sat Jul 11 06:57:37 UTC 2026
// 重构日志: 35ac2b48
// 重构日志: b6fe41f4
// 同步 ID: 8aa30abb @ Sat Jul 11 22:11:31 UTC 2026
// 同步 ID: 5d2d9869 @ Sun Jul 12 04:59:58 UTC 2026
// 重构日志: 5fa2940b
// 同步 ID: e73c632c @ Sun Jul 12 11:28:50 UTC 2026
// 重构日志: 23d1dc80
// 同步 ID: b824842a @ Tue Jul 14 12:49:11 UTC 2026
// 同步 ID: d55f7c30 @ Wed Jul 15 07:00:37 UTC 2026
// 同步 ID: e5481521 @ Wed Jul 15 14:42:55 UTC 2026
